commit 754277c41461836b2f1138b014c544bfe480ce81
Author: Glenn Downing <downing@cs.utexas.edu>
Date:   Mon Jul 17 22:37:39 2017 -0500

    another commit

commit 52a7088cf5caf43fafeba2f373b4798018488609
Author: Glenn Downing <downing@cs.utexas.edu>
Date:   Mon Jul 17 16:40:16 2017 -0500

    another commit

commit 413a4acfaaf11a1e4d3f54361377e98cb57c2ab4
Author: Glenn Downing <downing@cs.utexas.edu>
Date:   Mon Jul 17 14:24:51 2017 -0500

    another commit

commit ded1173c42d2a61bf8df7ab0d0bb812424846df6
Author: Glenn Downing <downing@cs.utexas.edu>
Date:   Sat Jul 15 14:21:03 2017 -0500

    another commit

commit eeafa059ad387296a724911c67fc7d694f6708c2
Author: Glenn Downing <downing@cs.utexas.edu>
Date:   Sat Jul 15 14:19:57 2017 -0500

    another commit

commit a3170f32bd9de102594e39a94ed1ccd7ecf1c6ba
Author: Glenn Downing <downing@cs.utexas.edu>
Date:   Fri Jul 14 12:38:19 2017 -0500

    another commit

commit ca26d99070e96f960543875b29ddcd79875c6fa8
Author: Glenn Downing <downing@cs.utexas.edu>
Date:   Fri Jul 14 12:37:47 2017 -0500

    another commit

commit e1e77dc7a1d225973bb83dd4c0294bf791cddc6d
Author: Glenn Downing <downing@cs.utexas.edu>
Date:   Thu Jul 13 22:01:14 2017 -0500

    another commit

commit 760cbe8ffcdcccc75beb7d3f76f21cc76711b6b4
Author: Glenn Downing <downing@cs.utexas.edu>
Date:   Wed Jul 12 18:32:23 2017 -0500

    another commit

commit dca07872fa2a56283f0b41642005855f0c84d0fa
Author: Glenn Downing <downing@cs.utexas.edu>
Date:   Wed Jul 12 18:23:53 2017 -0500

    another commit

commit a62eb121d3b6efcae77b43e22c5ecb1528329e12
Author: Glenn Downing <downing@cs.utexas.edu>
Date:   Wed Jul 12 18:01:18 2017 -0500

    another commit

commit 59848467852eacda3e0bf3b46166588f791afe1b
Author: Glenn Downing <downing@cs.utexas.edu>
Date:   Wed Jul 12 08:01:24 2017 -0500

    another commit

commit bdbdffe56d0e4ba1b2cb4da48d02e9b36f507f83
Author: Glenn Downing <downing@cs.utexas.edu>
Date:   Wed Jul 12 07:29:17 2017 -0500

    another commit

commit adb956ab78693d73eeb20de58db3a644a13aeaa4
Author: Glenn Downing <downing@cs.utexas.edu>
Date:   Tue Jul 11 22:12:26 2017 -0500

    another commit

commit b13f63050107e0d18eb61888b5b20e07084c106e
Author: Glenn Downing <downing@cs.utexas.edu>
Date:   Mon Jul 10 19:15:44 2017 -0500

    another commit

commit 6df0e5912dab3fd05a4412af79b41053d29b436b
Author: Glenn Downing <downing@cs.utexas.edu>
Date:   Mon Jul 10 18:51:23 2017 -0500

    another commit

commit 85b9f9df817894cc09f8de3df25ef7c1d29f6a41
Author: Glenn Downing <downing@cs.utexas.edu>
Date:   Sat Jul 8 11:34:54 2017 -0500

    another commit

commit 18a88610e7fa684ee6df413f827d8d851f68a118
Author: Glenn Downing <downing@cs.utexas.edu>
Date:   Sat Jul 8 11:21:46 2017 -0500

    another commit

commit 54ee47914a30fe683b1f4b87e424091ab546b767
Author: Glenn Downing <downing@cs.utexas.edu>
Date:   Sat Jul 8 11:19:46 2017 -0500

    another commit

commit 91b1c547e33c8bdce6165b01b1d68e82c24ac9f1
Author: Glenn Downing <downing@cs.utexas.edu>
Date:   Sat Jul 8 11:02:43 2017 -0500

    another commit

commit f5519f4e5355c6de6034d116c4e61ea34a1764f6
Author: Glenn Downing <downing@cs.utexas.edu>
Date:   Sat Jul 8 11:01:37 2017 -0500

    another commit

commit 50f072467675506cf41d394465a6ced1b59eb037
Author: Glenn Downing <downing@cs.utexas.edu>
Date:   Thu Jul 6 22:39:29 2017 -0500

    another commit

commit 2793f979f82faed888bae5ca921bbb34c188b153
Author: Glenn Downing <downing@cs.utexas.edu>
Date:   Wed Jul 5 21:56:13 2017 -0500

    another commit

commit 31349aad0105a760840ad850886e687d851915b3
Author: Glenn Downing <downing@cs.utexas.edu>
Date:   Wed Jul 5 18:08:27 2017 -0500

    another commit

commit c44cc70550bea95b25cb75c8e97298d0730e0ae3
Author: Glenn Downing <downing@cs.utexas.edu>
Date:   Wed Jul 5 14:30:10 2017 -0500

    another commit

commit 7ec7bce624880c8e14a2a8c316784bb6131cd9cb
Author: Glenn Downing <downing@cs.utexas.edu>
Date:   Wed Jul 5 14:24:24 2017 -0500

    another commit

commit 38a1ceac9fa1d8072ee45608f89e951aeb806fbf
Author: Glenn Downing <downing@cs.utexas.edu>
Date:   Wed Jul 5 14:00:59 2017 -0500

    another commit

commit 1fc62cc2f6b274ce4d30bdd75d60746368e6f0e6
Author: Glenn Downing <downing@cs.utexas.edu>
Date:   Tue Jul 4 23:43:49 2017 -0500

    another commit

commit b9bf24c7c731c76029be83346486fba4b5b2e04f
Author: Glenn Downing <downing@cs.utexas.edu>
Date:   Tue Jul 4 23:12:21 2017 -0500

    another commit

commit 5a9e060d2c7a24d02697f01a03e08e08a0881a8e
Author: Glenn Downing <downing@cs.utexas.edu>
Date:   Tue Jul 4 23:11:20 2017 -0500

    another commit

commit 69bbd712e82658bb780ab78eb9dfc5367f4b9e67
Author: Glenn Downing <downing@cs.utexas.edu>
Date:   Tue Jul 4 23:10:40 2017 -0500

    another commit

commit d7f454628b96ba5256572b8ee35c28e7dd89e898
Author: Glenn Downing <downing@cs.utexas.edu>
Date:   Mon Jul 3 19:59:22 2017 -0500

    another commit

commit 4b06ff920d00588e6a0a66ea693a05d37ffa1842
Author: Glenn Downing <downing@cs.utexas.edu>
Date:   Mon Jul 3 19:55:08 2017 -0500

    another commit

commit 0b211620f62e4e20e8235d724c0bb79457cb4df8
Author: Glenn Downing <downing@cs.utexas.edu>
Date:   Mon Jul 3 14:17:34 2017 -0500

    another commit

commit 732274d30968906ddefd907a6dd175fa6b1bc6ad
Author: Glenn Downing <downing@cs.utexas.edu>
Date:   Sun Jul 2 15:35:25 2017 -0500

    another commit

commit 65e6c6010f144cbb629df0888fe25c7fe9d8956b
Author: Glenn Downing <downing@cs.utexas.edu>
Date:   Sat Jul 1 16:48:52 2017 -0500

    another commit

commit c8fd98765d94c40ecb1171ebc262b9a0f9d2983d
Author: Glenn Downing <downing@cs.utexas.edu>
Date:   Sat Jul 1 16:45:55 2017 -0500

    another commit

commit e43f1044ebe09e0e1c21f4f4e583aa07836bd570
Author: Glenn Downing <downing@cs.utexas.edu>
Date:   Sat Jul 1 16:34:57 2017 -0500

    another commit

commit 2e804a41d9019387125772450cf7990aa6a5472c
Author: Glenn Downing <downing@cs.utexas.edu>
Date:   Sat Jul 1 16:24:13 2017 -0500

    another commit

commit 8788649c35e6671796a28513696bba6061cbdaf8
Author: Glenn Downing <downing@cs.utexas.edu>
Date:   Sat Jul 1 15:28:23 2017 -0500

    another commit

commit 4e834e28470636f43f0bab5a061e8825d6484b72
Author: Glenn Downing <downing@cs.utexas.edu>
Date:   Sat Jul 1 14:45:30 2017 -0500

    another commit

commit ae0938b5ff2da5a10659c1c143672fe165156c64
Author: Glenn Downing <downing@cs.utexas.edu>
Date:   Sat Jul 1 14:44:57 2017 -0500

    another commit

commit 2db00e5384748603992e9663eb570e7b520985b0
Author: Glenn Downing <downing@cs.utexas.edu>
Date:   Sat Jul 1 12:09:14 2017 -0500

    another commit

commit 5f4f8523f6d71090b3c77a207ca14d084150083b
Author: Glenn Downing <downing@cs.utexas.edu>
Date:   Sat Jul 1 11:30:02 2017 -0500

    another commit

commit afc037dce908d23d60db563f44b5efcdee4fc8cd
Author: Glenn Downing <downing@cs.utexas.edu>
Date:   Sat Jul 1 11:02:50 2017 -0500

    another commit

commit 1e731778977ca257443903e5a750b31ef2049873
Author: Glenn Downing <downing@cs.utexas.edu>
Date:   Sat Jul 1 10:26:11 2017 -0500

    another commit

commit 9e0a6c6d6bef664a80bd0b5e503e0637e5600555
Author: Glenn Downing <downing@cs.utexas.edu>
Date:   Sat Jul 1 09:02:22 2017 -0500

    another commit

commit 766e6f16f823523e4cc6fb610a271cfce75dfef7
Author: Glenn Downing <downing@cs.utexas.edu>
Date:   Fri Jun 30 17:48:22 2017 -0500

    another commit

commit 1c8d58b9c60d25957ced797ac7a47f4da781c32a
Author: Glenn Downing <downing@cs.utexas.edu>
Date:   Fri Jun 30 07:57:31 2017 -0500

    another commit

commit b38940693fda4871dcd99251d58c278d715992f5
Author: Glenn Downing <downing@cs.utexas.edu>
Date:   Fri Jun 30 07:54:26 2017 -0500

    another commit

commit f616ce834cb64a9ad68e422f40c91a167c667ace
Author: Glenn Downing <downing@cs.utexas.edu>
Date:   Thu Jun 29 15:15:04 2017 -0500

    another commit

commit 433cf3b3ceed53f82ca62d489ed7cb353f4f21d9
Author: Glenn Downing <downing@cs.utexas.edu>
Date:   Thu Jun 29 15:08:58 2017 -0500

    another commit

commit cf3079660e2660220f3ebe990b35a48bc08c8271
Author: Glenn Downing <downing@cs.utexas.edu>
Date:   Wed Jun 28 22:55:08 2017 -0500

    another commit

commit 949f0c940d718adb7b132acd63a37f04927c24e4
Author: Glenn Downing <downing@cs.utexas.edu>
Date:   Wed Jun 28 22:52:14 2017 -0500

    another commit

commit 81a31f1b5b8e2a9b2013fd74381dd0f258f39490
Author: Glenn Downing <downing@cs.utexas.edu>
Date:   Wed Jun 28 22:27:21 2017 -0500

    another commit

commit caf81d70de9fbecd2924e7a192de4b7c34769ba6
Author: Glenn Downing <downing@cs.utexas.edu>
Date:   Wed Jun 28 18:46:51 2017 -0500

    another commit

commit 68ff04a5c0f00efc94e337b513d62fa273a61121
Author: Glenn Downing <downing@cs.utexas.edu>
Date:   Wed Jun 28 16:38:56 2017 -0500

    another commit

commit 6e4053c48876c6ad5ba1a58326cffd84a31c707f
Author: Glenn Downing <downing@cs.utexas.edu>
Date:   Tue Jun 27 22:59:24 2017 -0500

    another commit

commit 003b01a23796d45d2795d15b9f61ea56b5a7fc55
Author: Glenn Downing <downing@cs.utexas.edu>
Date:   Tue Jun 27 22:40:40 2017 -0500

    another commit

commit d999ae6995b080acdbe2a5eb57f346f8400b7630
Author: Glenn Downing <downing@cs.utexas.edu>
Date:   Tue Jun 27 22:39:06 2017 -0500

    another commit

commit 9323aff6853aefe918a1e226e0ca3186af5da2cc
Author: Glenn Downing <downing@cs.utexas.edu>
Date:   Tue Jun 27 22:35:40 2017 -0500

    another commit

commit 50bcf0b65a1eb8af1576272aff83f338348025ce
Author: Glenn Downing <downing@cs.utexas.edu>
Date:   Mon Jun 26 22:23:04 2017 -0500

    another commit

commit 03cae13c22a4a806a7d2a06059e494d6dc5da398
Author: Glenn Downing <downing@cs.utexas.edu>
Date:   Mon Jun 26 21:54:48 2017 -0500

    another commit

commit 105c2ec189bf1e08116751fdad30f450cc0dea2b
Author: Glenn Downing <downing@cs.utexas.edu>
Date:   Mon Jun 26 21:52:46 2017 -0500

    another commit

commit 93722406d630285627a59cf8b6e0f17eaee2a48e
Author: Glenn Downing <downing@cs.utexas.edu>
Date:   Mon Jun 26 21:49:27 2017 -0500

    another commit

commit 481fae2ea1f9c39257d683d5605d2a06ac85d47a
Author: Glenn Downing <downing@cs.utexas.edu>
Date:   Fri Jun 23 22:43:13 2017 -0500

    another commit

commit 10559541d7a1abf55c0305398279085d911a0ae5
Author: Glenn Downing <downing@cs.utexas.edu>
Date:   Fri Jun 23 14:17:57 2017 -0500

    another commit

commit 124d550b4e79ba91545b4add6429606b881c1efc
Author: Glenn Downing <downing@cs.utexas.edu>
Date:   Fri Jun 23 14:16:17 2017 -0500

    another commit

commit d4f59c8b6625c2c75e02d9547192275eed0976a4
Author: Glenn Downing <downing@cs.utexas.edu>
Date:   Thu Jun 22 18:18:30 2017 -0500

    another commit

commit 8c15e0bea0a818cda56a5c82eb67fed68c4fad69
Author: Glenn Downing <downing@cs.utexas.edu>
Date:   Wed Jun 21 16:22:08 2017 -0500

    another commit

commit 10298e92b2fdc8aceb9cc22cc3828d9708b0ba02
Author: Glenn Downing <downing@cs.utexas.edu>
Date:   Wed Jun 21 16:20:38 2017 -0500

    another commit

commit 48bfc21f4e379b0234fb4bb30fe3f94aafe0382a
Author: Glenn Downing <downing@cs.utexas.edu>
Date:   Tue Jun 20 22:11:23 2017 -0500

    another commit

commit 64ce9beace3adac83a82ebb8fad6a8fbcec6ce32
Author: Glenn Downing <downing@cs.utexas.edu>
Date:   Tue Jun 20 22:05:25 2017 -0500

    another commit

commit 0baebb1af9e26daf2af783d69d33122ccb01a02f
Author: Glenn Downing <downing@cs.utexas.edu>
Date:   Mon Jun 19 20:18:00 2017 -0500

    another commit

commit 3f065534b6cfb200cea24e3a1df09a885e1fb88b
Author: Glenn Downing <downing@cs.utexas.edu>
Date:   Mon Jun 19 20:15:28 2017 -0500

    another commit

commit 5dafd015adc84d431ac06242017e959ea091ff30
Author: Glenn Downing <downing@cs.utexas.edu>
Date:   Sun Jun 18 17:50:33 2017 -0500

    another commit

commit 2c0b298c1873034e96bbe13d9ac3e7d9a9cd9cbf
Author: Glenn Downing <downing@cs.utexas.edu>
Date:   Sun Jun 18 16:34:23 2017 -0500

    another commit

commit f242ec58fb7c5f3b7e1c5dcfb1516569aee4d150
Author: Glenn Downing <downing@cs.utexas.edu>
Date:   Sun Jun 18 16:30:58 2017 -0500

    another commit

commit 7c6376036108d3bdaa431fc2ff83de0fa1486e17
Author: Glenn Downing <downing@cs.utexas.edu>
Date:   Fri Jun 16 17:12:43 2017 -0500

    another commit

commit dc4071d8ef1c707c5c186de2b49ca86f05b421ef
Author: Glenn Downing <downing@cs.utexas.edu>
Date:   Fri Jun 16 13:33:39 2017 -0500

    another commit

commit 5af05e0785fd6285d211ddeac55497657778f623
Author: Glenn Downing <downing@cs.utexas.edu>
Date:   Wed Jun 14 20:38:23 2017 -0500

    another commit

commit dd95fe6cdbb97f39c7a8778b3587d6b981ad30ad
Author: Glenn Downing <downing@cs.utexas.edu>
Date:   Wed Jun 14 20:09:34 2017 -0500

    another commit

commit 95ab841babad546f2f2895fce99ffea95d04adb5
Author: Glenn Downing <downing@cs.utexas.edu>
Date:   Wed Jun 14 20:05:57 2017 -0500

    another commit

commit d26cc9c51cf2d2d97de55a0f8370a9b6cc35f680
Author: Glenn Downing <downing@cs.utexas.edu>
Date:   Wed Jun 14 20:04:28 2017 -0500

    another commit

commit d81bed81df58650f5359ec41a00f687578d6c41d
Author: Glenn Downing <downing@cs.utexas.edu>
Date:   Tue Jun 13 23:12:04 2017 -0500

    another commit

commit 6322560fe44dc44b7320c2641776b9dbb665b237
Author: Glenn Downing <downing@cs.utexas.edu>
Date:   Mon Jun 12 17:07:50 2017 -0500

    another commit

commit 6372078ee43224d042f2bc447ab464ce270e13dc
Author: Glenn Downing <downing@cs.utexas.edu>
Date:   Sun Jun 11 17:36:02 2017 -0500

    another commit

commit 6f449629642c7760b856bb0113fbde54e2cceab8
Author: Glenn Downing <downing@cs.utexas.edu>
Date:   Sat Jun 10 19:26:59 2017 -0500

    another commit

commit 39b8ee073f161cacfdb21dd1af8faefae7d1a6d8
Author: Glenn Downing <downing@cs.utexas.edu>
Date:   Sat Jun 10 19:23:25 2017 -0500

    another commit

commit 847fba665564a0b4c425eccb1d4f43341ce9cf26
Author: Glenn Downing <downing@cs.utexas.edu>
Date:   Sat Jun 10 18:49:08 2017 -0500

    another commit

commit 277f38e60195dab5a6cce4d90d29cd3b8059e091
Author: Glenn Downing <downing@cs.utexas.edu>
Date:   Sat Jun 10 18:45:28 2017 -0500

    another commit

commit 3aabc0f93e705182e1be1eac7aa401dde0da8331
Author: Glenn Downing <downing@cs.utexas.edu>
Date:   Sat Jun 10 13:59:52 2017 -0500

    another commit

commit 49bc8f9ba30692cc40a8d6e844a82fc43db10a4d
Author: Glenn Downing <downing@cs.utexas.edu>
Date:   Sat Jun 10 13:30:00 2017 -0500

    another commit

commit 49a489b267f7fe9422bb30737ee533699349c042
Author: Glenn Downing <downing@cs.utexas.edu>
Date:   Sat Jun 10 13:04:45 2017 -0500

    another commit

commit 2277bc5903d8cf38a723adfe9015c9ddf7c36fdf
Author: Glenn Downing <downing@cs.utexas.edu>
Date:   Fri Jun 9 07:35:23 2017 -0500

    another commit

commit 9477b3b3b486fbd3cafa34afe3d95c5691290859
Author: Glenn Downing <downing@cs.utexas.edu>
Date:   Thu Jun 8 22:05:58 2017 -0500

    another commit

commit 5fc6172cc9f6e88ff6a2833dc7ad1ad0bd385e4d
Author: Glenn Downing <downing@cs.utexas.edu>
Date:   Thu Jun 8 21:10:39 2017 -0500

    another commit

commit 20c2595e43373df71556687c467a80442d604ea9
Author: Glenn Downing <downing@cs.utexas.edu>
Date:   Wed Jun 7 20:15:10 2017 -0500

    another commit

commit 458c0080e39d02344090b3818653f119c360b372
Author: Glenn Downing <downing@cs.utexas.edu>
Date:   Wed Jun 7 14:39:15 2017 -0500

    another commit

commit 74469f499a25d22ee14c74a9f1a6f8e54a56ed0d
Author: Glenn Downing <downing@cs.utexas.edu>
Date:   Wed Jun 7 11:47:21 2017 -0500

    another commit

commit 8fe8c2c78bc6db36db47a56f26ee97d2d4cdd555
Author: Glenn Downing <downing@cs.utexas.edu>
Date:   Tue Jun 6 19:28:13 2017 -0500

    another commit

commit e203d1d2af3928fa4539c83fab16f53162ebebe7
Author: Glenn Downing <downing@cs.utexas.edu>
Date:   Tue Jun 6 19:25:26 2017 -0500

    another commit

commit 5d94a1c8f2b1af8669d38302107fff7b1eae9f21
Author: Glenn Downing <downing@cs.utexas.edu>
Date:   Tue Jun 6 19:23:27 2017 -0500

    another commit

commit b2fbd0657cbaf1aa05d900664607defede51f69c
Author: Glenn Downing <downing@cs.utexas.edu>
Date:   Mon Jun 5 18:19:38 2017 -0500

    another commit

commit 07fca534abdcce58bd7b5a3f73a7e08da2786099
Author: Glenn Downing <downing@cs.utexas.edu>
Date:   Sun Jun 4 22:12:26 2017 -0500

    another commit

commit a86e8793d8945d29b1e4d4f8c5fbc21ae4948ae2
Author: Glenn Downing <downing@cs.utexas.edu>
Date:   Sun Jun 4 22:07:22 2017 -0500

    another commit

commit 0eaba2960a01d5b3fee7df380f239623c6c163af
Author: Glenn Downing <downing@cs.utexas.edu>
Date:   Sun Jun 4 22:00:25 2017 -0500

    another commit

commit 120c26bfdb64e0947cdb0c2b80856014b116eb20
Author: Glenn Downing <downing@cs.utexas.edu>
Date:   Sat Jun 3 19:41:17 2017 -0500

    another commit

commit 6e90ed74db3f98f020e7a7846629e210c122ed49
Author: Glenn Downing <downing@cs.utexas.edu>
Date:   Fri Jun 2 18:58:42 2017 -0500

    another commit

commit efcaf092b6dc0fb08d15c998e93d9ae55ab8f47f
Author: Glenn Downing <downing@cs.utexas.edu>
Date:   Fri Jun 2 17:38:44 2017 -0500

    another commit

commit c0e6e12ea8f028772ded1431831341cda18d5a6c
Author: Glenn Downing <downing@cs.utexas.edu>
Date:   Fri Jun 2 17:37:54 2017 -0500

    first commit
